#
# There is insufficient memory for the Java Runtime Environment to continue.
# Native memory allocation (malloc) failed to allocate 32744 bytes for ChunkPool::allocate
# Possible reasons:
#   The system is out of physical RAM or swap space
#   The process is running with CompressedOops enabled, and the Java Heap may be blocking the growth of the native heap
# Possible solutions:
#   Reduce memory load on the system
#   Increase physical memory or swap space
#   Check if swap backing store is full
#   Decrease Java heap size (-Xmx/-Xms)
#   Decrease number of Java threads
#   Decrease Java thread stack sizes (-Xss)
#   Set larger code cache with -XX:ReservedCodeCacheSize=
#   JVM is running with Unscaled Compressed Oops mode in which the Java heap is
#     placed in the first 4GB address space. The Java Heap base address is the
#     maximum limit for the native heap growth. Please use -XX:HeapBaseMinAddress
#     to set the Java Heap base and to place the Java Heap above 4GB virtual address.
# This output file may be truncated or incomplete.
#
#  Out of Memory Error (arena.cpp:78), pid=12612, tid=3984
#
# JRE version: Java(TM) SE Runtime Environment (17.0.9+11) (build 17.0.9+11-LTS-201)
# Java VM: Java HotSpot(TM) 64-Bit Server VM (17.0.9+11-LTS-201, mixed mode, sharing, tiered, compressed oops, compressed class ptrs, g1 gc, windows-amd64)
# No core dump will be written. Minidumps are not enabled by default on client versions of Windows
#

---------------  S U M M A R Y ------------

Command Line: -Dfile.encoding=UTF-8 --module-path=C:\Users\HI\Documents\NetBeansProjects\Bank Management System\build\classes bank.management.system.Login

Host: Intel(R) Core(TM) i5-10400 CPU @ 2.90GHz, 12 cores, 7G,  Windows 10 , 64 bit Build 19041 (10.0.19041.3570)
Time: Sun Oct 22 13:34:24 2023 Pacific Daylight Time elapsed time: 0.673421 seconds (0d 0h 0m 0s)

---------------  T H R E A D  ---------------

Current thread (0x000002bc766f7f40):  JavaThread "C2 CompilerThread1" daemon [_thread_in_native, id=3984, stack(0x000000dec9100000,0x000000dec9200000)]


Current CompileTask:
C2:    673 1155   !   4       sun.font.TrueTypeFont::getTableBuffer (215 bytes)

Stack: [0x000000dec9100000,0x000000dec9200000]
Native frames: (J=compiled Java code, j=interpreted, Vv=VM code, C=native code)
V  [jvm.dll+0x678a4a]
V  [jvm.dll+0x7d9cfd]
V  [jvm.dll+0x7db60e]
V  [jvm.dll+0x7dbc73]
V  [jvm.dll+0x245e1f]
V  [jvm.dll+0xaad50]
V  [jvm.dll+0xab09c]
V  [jvm.dll+0x11d4f5]
V  [jvm.dll+0x6a24c7]
V  [jvm.dll+0x1bbc07]
V  [jvm.dll+0x218287]
V  [jvm.dll+0x217561]
V  [jvm.dll+0x1a3bc0]
V  [jvm.dll+0x2272de]
V  [jvm.dll+0x22548b]
V  [jvm.dll+0x78f58c]
V  [jvm.dll+0x78998a]
V  [jvm.dll+0x677875]
C  [ucrtbase.dll+0x21bb2]
C  [KERNEL32.DLL+0x17344]
C  [ntdll.dll+0x526b1]


---------------  P R O C E S S  ---------------

Threads class SMR info:
_java_thread_list=0x000002bc7bfc0e90, length=19, elements={
0x000002bc7642eb20, 0x000002bc7642f8b0, 0x000002bc7643f0f0, 0x000002bc764409d0,
0x000002bc764412a0, 0x000002bc76441b70, 0x000002bc76442820, 0x000002bc7644b1f0,
0x000002bc76451010, 0x000002bc7641a9f0, 0x000002bc766d9fa0, 0x000002bc766f7f40,
0x000002bc768e5f20, 0x000002bc768e8ec0, 0x000002bc768ede70, 0x000002bc76970010,
0x000002bc7b8432a0, 0x000002bc7b961aa0, 0x000002bc7b9624c0
}

Java Threads: ( => current thread )
  0x000002bc7642eb20 JavaThread "Reference Handler" daemon [_thread_blocked, id=10056, stack(0x000000dec8500000,0x000000dec8600000)]
  0x000002bc7642f8b0 JavaThread "Finalizer" daemon [_thread_blocked, id=13380, stack(0x000000dec8600000,0x000000dec8700000)]
  0x000002bc7643f0f0 JavaThread "Signal Dispatcher" daemon [_thread_blocked, id=16880, stack(0x000000dec8700000,0x000000dec8800000)]
  0x000002bc764409d0 JavaThread "Attach Listener" daemon [_thread_blocked, id=14668, stack(0x000000dec8800000,0x000000dec8900000)]
  0x000002bc764412a0 JavaThread "Service Thread" daemon [_thread_blocked, id=2748, stack(0x000000dec8900000,0x000000dec8a00000)]
  0x000002bc76441b70 JavaThread "Monitor Deflation Thread" daemon [_thread_blocked, id=16708, stack(0x000000dec8a00000,0x000000dec8b00000)]
  0x000002bc76442820 JavaThread "C2 CompilerThread0" daemon [_thread_blocked, id=11348, stack(0x000000dec8b00000,0x000000dec8c00000)]
  0x000002bc7644b1f0 JavaThread "C1 CompilerThread0" daemon [_thread_blocked, id=968, stack(0x000000dec8c00000,0x000000dec8d00000)]
  0x000002bc76451010 JavaThread "Sweeper thread" daemon [_thread_blocked, id=4456, stack(0x000000dec8d00000,0x000000dec8e00000)]
  0x000002bc7641a9f0 JavaThread "Common-Cleaner" daemon [_thread_blocked, id=8680, stack(0x000000dec8e00000,0x000000dec8f00000)]
  0x000002bc766d9fa0 JavaThread "Notification Thread" daemon [_thread_blocked, id=5988, stack(0x000000dec8f00000,0x000000dec9000000)]
=>0x000002bc766f7f40 JavaThread "C2 CompilerThread1" daemon [_thread_in_native, id=3984, stack(0x000000dec9100000,0x000000dec9200000)]
  0x000002bc768e5f20 JavaThread "Java2D Disposer" daemon [_thread_blocked, id=16064, stack(0x000000dec9200000,0x000000dec9300000)]
  0x000002bc768e8ec0 JavaThread "AWT-Shutdown" [_thread_blocked, id=11056, stack(0x000000dec9300000,0x000000dec9400000)]
  0x000002bc768ede70 JavaThread "AWT-Windows" daemon [_thread_in_native, id=304, stack(0x000000dec9400000,0x000000dec9500000)]
  0x000002bc76970010 JavaThread "Image Fetcher 0" daemon [_thread_blocked, id=3476, stack(0x000000dec9500000,0x000000dec9600000)]
  0x000002bc7b8432a0 JavaThread "AWT-EventQueue-0" [_thread_blocked, id=17892, stack(0x000000dec9600000,0x000000dec9700000)]
  0x000002bc7b961aa0 JavaThread "DestroyJavaVM" [_thread_blocked, id=3912, stack(0x000000dec7e00000,0x000000dec7f00000)]
  0x000002bc7b9624c0 JavaThread "TimerQueue" daemon [_thread_blocked, id=17592, stack(0x000000deca200000,0x000000deca300000)]

Other Threads:
  0x000002bc76429740 VMThread "VM Thread" [stack: 0x000000dec8400000,0x000000dec8500000] [id=16364]
  0x000002bc57f506f0 WatcherThread [stack: 0x000000dec9000000,0x000000dec9100000] [id=13448]
  0x000002bc57f26e70 GCTaskThread "GC Thread#0" [stack: 0x000000dec7f00000,0x000000dec8000000] [id=11392]
  0x000002bc7b983b20 GCTaskThread "GC Thread#1" [stack: 0x000000dec9a00000,0x000000dec9b00000] [id=11876]
  0x000002bc7b983de0 GCTaskThread "GC Thread#2" [stack: 0x000000dec9b00000,0x000000dec9c00000] [id=11916]
  0x000002bc7b9840a0 GCTaskThread "GC Thread#3" [stack: 0x000000dec9c00000,0x000000dec9d00000] [id=13048]
  0x000002bc7b984360 GCTaskThread "GC Thread#4" [stack: 0x000000dec9d00000,0x000000dec9e00000] [id=7200]
  0x000002bc7b984620 GCTaskThread "GC Thread#5" [stack: 0x000000dec9e00000,0x000000dec9f00000] [id=15244]
  0x000002bc7bb3e4b0 GCTaskThread "GC Thread#6" [stack: 0x000000dec9f00000,0x000000deca000000] [id=5648]
  0x000002bc7bb3e770 GCTaskThread "GC Thread#7" [stack: 0x000000deca000000,0x000000deca100000] [id=14212]
  0x000002bc7bb3ea30 GCTaskThread "GC Thread#8" [stack: 0x000000deca100000,0x000000deca200000] [id=5328]
  0x000002bc57f399f0 ConcurrentGCThread "G1 Main Marker" [stack: 0x000000dec8000000,0x000000dec8100000] [id=16996]
  0x000002bc57f3a310 ConcurrentGCThread "G1 Conc#0" [stack: 0x000000dec8100000,0x000000dec8200000] [id=15804]
  0x000002bc57fad9f0 ConcurrentGCThread "G1 Refine#0" [stack: 0x000000dec8200000,0x000000dec8300000] [id=9748]
  0x000002bc57fae330 ConcurrentGCThread "G1 Service" [stack: 0x000000dec8300000,0x000000dec8400000] [id=9144]

Threads with active compile tasks:
C2 CompilerThread1      691 1155   !   4       sun.font.TrueTypeFont::getTableBuffer (215 bytes)

VM state: not at safepoint (normal execution)

VM Mutex/Monitor currently owned by a thread: None

Heap address: 0x0000000081800000, size: 2024 MB, Compressed Oops mode: 32-bit

CDS archive(s) mapped at: [0x000002bc00000000-0x000002bc00bd0000-0x000002bc00bd0000), size 12386304, SharedBaseAddress: 0x000002bc00000000, ArchiveRelocationMode: 1.
Compressed class space mapped at: 0x000002bc01000000-0x000002bc41000000, reserved size: 1073741824
Narrow klass base: 0x000002bc00000000, Narrow klass shift: 0, Narrow klass range: 0x100000000

GC Precious Log:
 CPUs: 12 total, 12 available
 Memory: 8088M
 Large Page Support: Disabled
 NUMA Support: Disabled
 Compressed Oops: Enabled (32-bit)
 Heap Region Size: 1M
 Heap Min Capacity: 8M
 Heap Initial Capacity: 128M
 Heap Max Capacity: 2024M
 Pre-touch: Disabled
 Parallel Workers: 10
 Concurrent Workers: 3
 Concurrent Refinement Workers: 10
 Periodic GC: Disabled

Heap:
 garbage-first heap   total 131072K, used 20067K [0x0000000081800000, 0x0000000100000000)
  region size 1024K, 7 young (7168K), 3 survivors (3072K)
 Metaspace       used 8231K, committed 8448K, reserved 1114112K
  class space    used 917K, committed 1024K, reserved 1048576K

Heap Regions: E=young(eden), S=young(survivor), O=old, HS=humongous(starts), HC=humongous(continues), CS=collection set, F=free, OA=open archive, CA=closed archive, TAMS=top-at-mark-start (previous, next)
|   0|0x0000000081800000, 0x0000000081900000, 0x0000000081900000|100%|HS|  |TAMS 0x0000000081800000, 0x0000000081800000| Complete 
|   1|0x0000000081900000, 0x0000000081a00000, 0x0000000081a00000|100%|HC|  |TAMS 0x0000000081900000, 0x0000000081900000| Complete 
|   2|0x0000000081a00000, 0x0000000081b00000, 0x0000000081b00000|100%|HC|  |TAMS 0x0000000081a00000, 0x0000000081a00000| Complete 
|   3|0x0000000081b00000, 0x0000000081c00000, 0x0000000081c00000|100%|HC|  |TAMS 0x0000000081b00000, 0x0000000081b00000| Complete 
|   4|0x0000000081c00000, 0x0000000081d00000, 0x0000000081d00000|100%|HC|  |TAMS 0x0000000081c00000, 0x0000000081c00000| Complete 
|   5|0x0000000081d00000, 0x0000000081e00000, 0x0000000081e00000|100%|HC|  |TAMS 0x0000000081d00000, 0x0000000081d00000| Complete 
|   6|0x0000000081e00000, 0x0000000081f00000, 0x0000000081f00000|100%|HS|  |TAMS 0x0000000081e00000, 0x0000000081e00000| Complete 
|   7|0x0000000081f00000, 0x0000000082000000, 0x0000000082000000|100%|HC|  |TAMS 0x0000000081f00000, 0x0000000081f00000| Complete 
|   8|0x0000000082000000, 0x0000000082100000, 0x0000000082100000|100%|HC|  |TAMS 0x0000000082000000, 0x0000000082000000| Complete 
|   9|0x0000000082100000, 0x0000000082200000, 0x0000000082200000|100%|HC|  |TAMS 0x0000000082100000, 0x0000000082100000| Complete 
|  10|0x0000000082200000, 0x0000000082300000, 0x0000000082300000|100%|HS|  |TAMS 0x0000000082200000, 0x0000000082200000| Complete 
|  11|0x0000000082300000, 0x0000000082400000, 0x0000000082400000|100%|HC|  |TAMS 0x0000000082300000, 0x0000000082300000| Complete 
|  12|0x0000000082400000, 0x0000000082500000, 0x0000000082500000|100%|HC|  |TAMS 0x0000000082400000, 0x0000000082400000| Complete 
|  13|0x0000000082500000, 0x0000000082598c00, 0x0000000082600000| 59%| O|  |TAMS 0x0000000082500000, 0x0000000082500000| Untracked 
|  14|0x0000000082600000, 0x0000000082600000, 0x0000000082700000|  0%| F|  |TAMS 0x0000000082600000, 0x0000000082600000| Untracked 
|  15|0x0000000082700000, 0x0000000082700000, 0x0000000082800000|  0%| F|  |TAMS 0x0000000082700000, 0x0000000082700000| Untracked 
|  16|0x0000000082800000, 0x0000000082800000, 0x0000000082900000|  0%| F|  |TAMS 0x0000000082800000, 0x0000000082800000| Untracked 
|  17|0x0000000082900000, 0x0000000082900000, 0x0000000082a00000|  0%| F|  |TAMS 0x0000000082900000, 0x0000000082900000| Untracked 
|  18|0x0000000082a00000, 0x0000000082a00000, 0x0000000082b00000|  0%| F|  |TAMS 0x0000000082a00000, 0x0000000082a00000| Untracked 
|  19|0x0000000082b00000, 0x0000000082b00000, 0x0000000082c00000|  0%| F|  |TAMS 0x0000000082b00000, 0x0000000082b00000| Untracked 
|  20|0x0000000082c00000, 0x0000000082c00000, 0x0000000082d00000|  0%| F|  |TAMS 0x0000000082c00000, 0x0000000082c00000| Untracked 
|  21|0x0000000082d00000, 0x0000000082d00000, 0x0000000082e00000|  0%| F|  |TAMS 0x0000000082d00000, 0x0000000082d00000| Untracked 
|  22|0x0000000082e00000, 0x0000000082e00000, 0x0000000082f00000|  0%| F|  |TAMS 0x0000000082e00000, 0x0000000082e00000| Untracked 
|  23|0x0000000082f00000, 0x0000000082f00000, 0x0000000083000000|  0%| F|  |TAMS 0x0000000082f00000, 0x0000000082f00000| Untracked 
|  24|0x0000000083000000, 0x0000000083000000, 0x0000000083100000|  0%| F|  |TAMS 0x0000000083000000, 0x0000000083000000| Untracked 
|  25|0x0000000083100000, 0x0000000083100000, 0x0000000083200000|  0%| F|  |TAMS 0x0000000083100000, 0x0000000083100000| Untracked 
|  26|0x0000000083200000, 0x0000000083200000, 0x0000000083300000|  0%| F|  |TAMS 0x0000000083200000, 0x0000000083200000| Untracked 
|  27|0x0000000083300000, 0x0000000083300000, 0x0000000083400000|  0%| F|  |TAMS 0x0000000083300000, 0x0000000083300000| Untracked 
|  28|0x0000000083400000, 0x0000000083400000, 0x0000000083500000|  0%| F|  |TAMS 0x0000000083400000, 0x0000000083400000| Untracked 
|  29|0x0000000083500000, 0x0000000083500000, 0x0000000083600000|  0%| F|  |TAMS 0x0000000083500000, 0x0000000083500000| Untracked 
|  30|0x0000000083600000, 0x0000000083600000, 0x0000000083700000|  0%| F|  |TAMS 0x0000000083600000, 0x0000000083600000| Untracked 
|  31|0x0000000083700000, 0x0000000083700000, 0x0000000083800000|  0%| F|  |TAMS 0x0000000083700000, 0x0000000083700000| Untracked 
|  32|0x0000000083800000, 0x0000000083800000, 0x0000000083900000|  0%| F|  |TAMS 0x0000000083800000, 0x0000000083800000| Untracked 
|  33|0x0000000083900000, 0x0000000083900000, 0x0000000083a00000|  0%| F|  |TAMS 0x0000000083900000, 0x0000000083900000| Untracked 
|  34|0x0000000083a00000, 0x0000000083a00000, 0x0000000083b00000|  0%| F|  |TAMS 0x0000000083a00000, 0x0000000083a00000| Untracked 
|  35|0x0000000083b00000, 0x0000000083b00000, 0x0000000083c00000|  0%| F|  |TAMS 0x0000000083b00000, 0x0000000083b00000| Untracked 
|  36|0x0000000083c00000, 0x0000000083c00000, 0x0000000083d00000|  0%| F|  |TAMS 0x0000000083c00000, 0x0000000083c00000| Untracked 
|  37|0x0000000083d00000, 0x0000000083d00000, 0x0000000083e00000|  0%| F|  |TAMS 0x0000000083d00000, 0x0000000083d00000| Untracked 
|  38|0x0000000083e00000, 0x0000000083e00000, 0x0000000083f00000|  0%| F|  |TAMS 0x0000000083e00000, 0x0000000083e00000| Untracked 
|  39|0x0000000083f00000, 0x0000000083f00000, 0x0000000084000000|  0%| F|  |TAMS 0x0000000083f00000, 0x0000000083f00000| Untracked 
|  40|0x0000000084000000, 0x0000000084000000, 0x0000000084100000|  0%| F|  |TAMS 0x0000000084000000, 0x0000000084000000| Untracked 
|  41|0x0000000084100000, 0x0000000084100000, 0x0000000084200000|  0%| F|  |TAMS 0x0000000084100000, 0x0000000084100000| Untracked 
|  42|0x0000000084200000, 0x0000000084200000, 0x0000000084300000|  0%| F|  |TAMS 0x0000000084200000, 0x0000000084200000| Untracked 
|  43|0x0000000084300000, 0x0000000084300000, 0x0000000084400000|  0%| F|  |TAMS 0x0000000084300000, 0x0000000084300000| Untracked 
|  44|0x0000000084400000, 0x0000000084400000, 0x0000000084500000|  0%| F|  |TAMS 0x0000000084400000, 0x0000000084400000| Untracked 
|  45|0x0000000084500000, 0x0000000084500000, 0x0000000084600000|  0%| F|  |TAMS 0x0000000084500000, 0x0000000084500000| Untracked 
|  46|0x0000000084600000, 0x0000000084600000, 0x0000000084700000|  0%| F|  |TAMS 0x0000000084600000, 0x0000000084600000| Untracked 
|  47|0x0000000084700000, 0x0000000084700000, 0x0000000084800000|  0%| F|  |TAMS 0x0000000084700000, 0x0000000084700000| Untracked 
|  48|0x0000000084800000, 0x0000000084800000, 0x0000000084900000|  0%| F|  |TAMS 0x0000000084800000, 0x0000000084800000| Untracked 
|  49|0x0000000084900000, 0x0000000084900000, 0x0000000084a00000|  0%| F|  |TAMS 0x0000000084900000, 0x0000000084900000| Untracked 
|  50|0x0000000084a00000, 0x0000000084a00000, 0x0000000084b00000|  0%| F|  |TAMS 0x0000000084a00000, 0x0000000084a00000| Untracked 
|  51|0x0000000084b00000, 0x0000000084b00000, 0x0000000084c00000|  0%| F|  |TAMS 0x0000000084b00000, 0x0000000084b00000| Untracked 
|  52|0x0000000084c00000, 0x0000000084c00000, 0x0000000084d00000|  0%| F|  |TAMS 0x0000000084c00000, 0x0000000084c00000| Untracked 
|  53|0x0000000084d00000, 0x0000000084d00000, 0x0000000084e00000|  0%| F|  |TAMS 0x0000000084d00000, 0x0000000084d00000| Untracked 
|  54|0x0000000084e00000, 0x0000000084e00000, 0x0000000084f00000|  0%| F|  |TAMS 0x0000000084e00000, 0x0000000084e00000| Untracked 
|  55|0x0000000084f00000, 0x0000000084f00000, 0x0000000085000000|  0%| F|  |TAMS 0x0000000084f00000, 0x0000000084f00000| Untracked 
|  56|0x0000000085000000, 0x0000000085000000, 0x0000000085100000|  0%| F|  |TAMS 0x0000000085000000, 0x0000000085000000| Untracked 
|  57|0x0000000085100000, 0x0000000085100000, 0x0000000085200000|  0%| F|  |TAMS 0x0000000085100000, 0x0000000085100000| Untracked 
|  58|0x0000000085200000, 0x0000000085200000, 0x0000000085300000|  0%| F|  |TAMS 0x0000000085200000, 0x0000000085200000| Untracked 
|  59|0x0000000085300000, 0x0000000085300000, 0x0000000085400000|  0%| F|  |TAMS 0x0000000085300000, 0x0000000085300000| Untracked 
|  60|0x0000000085400000, 0x0000000085400000, 0x0000000085500000|  0%| F|  |TAMS 0x0000000085400000, 0x0000000085400000| Untracked 
|  61|0x0000000085500000, 0x0000000085500000, 0x0000000085600000|  0%| F|  |TAMS 0x0000000085500000, 0x0000000085500000| Untracked 
|  62|0x0000000085600000, 0x0000000085600000, 0x0000000085700000|  0%| F|  |TAMS 0x0000000085600000, 0x0000000085600000| Untracked 
|  63|0x0000000085700000, 0x0000000085700000, 0x0000000085800000|  0%| F|  |TAMS 0x0000000085700000, 0x0000000085700000| Untracked 
|  64|0x0000000085800000, 0x0000000085800000, 0x0000000085900000|  0%| F|  |TAMS 0x0000000085800000, 0x0000000085800000| Untracked 
|  65|0x0000000085900000, 0x0000000085900000, 0x0000000085a00000|  0%| F|  |TAMS 0x0000000085900000, 0x0000000085900000| Untracked 
|  66|0x0000000085a00000, 0x0000000085a00000, 0x0000000085b00000|  0%| F|  |TAMS 0x0000000085a00000, 0x0000000085a00000| Untracked 
|  67|0x0000000085b00000, 0x0000000085b00000, 0x0000000085c00000|  0%| F|  |TAMS 0x0000000085b00000, 0x0000000085b00000| Untracked 
|  68|0x0000000085c00000, 0x0000000085c00000, 0x0000000085d00000|  0%| F|  |TAMS 0x0000000085c00000, 0x0000000085c00000| Untracked 
|  69|0x0000000085d00000, 0x0000000085d00000, 0x0000000085e00000|  0%| F|  |TAMS 0x0000000085d00000, 0x0000000085d00000| Untracked 
|  70|0x0000000085e00000, 0x0000000085e00000, 0x0000000085f00000|  0%| F|  |TAMS 0x0000000085e00000, 0x0000000085e00000| Untracked 
|  71|0x0000000085f00000, 0x0000000085f00000, 0x0000000086000000|  0%| F|  |TAMS 0x0000000085f00000, 0x0000000085f00000| Untracked 
|  72|0x0000000086000000, 0x0000000086000000, 0x0000000086100000|  0%| F|  |TAMS 0x0000000086000000, 0x0000000086000000| Untracked 
|  73|0x0000000086100000, 0x0000000086100000, 0x0000000086200000|  0%| F|  |TAMS 0x0000000086100000, 0x0000000086100000| Untracked 
|  74|0x0000000086200000, 0x0000000086200000, 0x0000000086300000|  0%| F|  |TAMS 0x0000000086200000, 0x0000000086200000| Untracked 
|  75|0x0000000086300000, 0x0000000086300000, 0x0000000086400000|  0%| F|  |TAMS 0x0000000086300000, 0x0000000086300000| Untracked 
|  76|0x0000000086400000, 0x0000000086400000, 0x0000000086500000|  0%| F|  |TAMS 0x0000000086400000, 0x0000000086400000| Untracked 
|  77|0x0000000086500000, 0x0000000086500000, 0x0000000086600000|  0%| F|  |TAMS 0x0000000086500000, 0x0000000086500000| Untracked 
|  78|0x0000000086600000, 0x0000000086600000, 0x0000000086700000|  0%| F|  |TAMS 0x0000000086600000, 0x0000000086600000| Untracked 
|  79|0x0000000086700000, 0x0000000086700000, 0x0000000086800000|  0%| F|  |TAMS 0x0000000086700000, 0x0000000086700000| Untracked 
|  80|0x0000000086800000, 0x0000000086800000, 0x0000000086900000|  0%| F|  |TAMS 0x0000000086800000, 0x0000000086800000| Untracked 
|  81|0x0000000086900000, 0x0000000086900000, 0x0000000086a00000|  0%| F|  |TAMS 0x0000000086900000, 0x0000000086900000| Untracked 
|  82|0x0000000086a00000, 0x0000000086a00000, 0x0000000086b00000|  0%| F|  |TAMS 0x0000000086a00000, 0x0000000086a00000| Untracked 
|  83|0x0000000086b00000, 0x0000000086b00000, 0x0000000086c00000|  0%| F|  |TAMS 0x0000000086b00000, 0x0000000086b00000| Untracked 
|  84|0x0000000086c00000, 0x0000000086c00000, 0x0000000086d00000|  0%| F|  |TAMS 0x0000000086c00000, 0x0000000086c00000| Untracked 
|  85|0x0000000086d00000, 0x0000000086d00000, 0x0000000086e00000|  0%| F|  |TAMS 0x0000000086d00000, 0x0000000086d00000| Untracked 
|  86|0x0000000086e00000, 0x0000000086e00000, 0x0000000086f00000|  0%| F|  |TAMS 0x0000000086e00000, 0x0000000086e00000| Untracked 
|  87|0x0000000086f00000, 0x0000000086f00000, 0x0000000087000000|  0%| F|  |TAMS 0x0000000086f00000, 0x0000000086f00000| Untracked 
|  88|0x0000000087000000, 0x0000000087000000, 0x0000000087100000|  0%| F|  |TAMS 0x0000000087000000, 0x0000000087000000| Untracked 
|  89|0x0000000087100000, 0x0000000087100000, 0x0000000087200000|  0%| F|  |TAMS 0x0000000087100000, 0x0000000087100000| Untracked 
|  90|0x0000000087200000, 0x0000000087200000, 0x0000000087300000|  0%| F|  |TAMS 0x0000000087200000, 0x0000000087200000| Untracked 
|  91|0x0000000087300000, 0x0000000087300000, 0x0000000087400000|  0%| F|  |TAMS 0x0000000087300000, 0x0000000087300000| Untracked 
|  92|0x0000000087400000, 0x0000000087400000, 0x0000000087500000|  0%| F|  |TAMS 0x0000000087400000, 0x0000000087400000| Untracked 
|  93|0x0000000087500000, 0x0000000087500000, 0x0000000087600000|  0%| F|  |TAMS 0x0000000087500000, 0x0000000087500000| Untracked 
|  94|0x0000000087600000, 0x0000000087600000, 0x0000000087700000|  0%| F|  |TAMS 0x0000000087600000, 0x0000000087600000| Untracked 
|  95|0x0000000087700000, 0x0000000087700000, 0x0000000087800000|  0%| F|  |TAMS 0x0000000087700000, 0x0000000087700000| Untracked 
|  96|0x0000000087800000, 0x0000000087800000, 0x0000000087900000|  0%| F|  |TAMS 0x0000000087800000, 0x0000000087800000| Untracked 
|  97|0x0000000087900000, 0x0000000087900000, 0x0000000087a00000|  0%| F|  |TAMS 0x0000000087900000, 0x0000000087900000| Untracked 
|  98|0x0000000087a00000, 0x0000000087a00000, 0x0000000087b00000|  0%| F|  |TAMS 0x0000000087a00000, 0x0000000087a00000| Untracked 
|  99|0x0000000087b00000, 0x0000000087b00000, 0x0000000087c00000|  0%| F|  |TAMS 0x0000000087b00000, 0x0000000087b00000| Untracked 
| 100|0x0000000087c00000, 0x0000000087c00000, 0x0000000087d00000|  0%| F|  |TAMS 0x0000000087c00000, 0x0000000087c00000| Untracked 
| 101|0x0000000087d00000, 0x0000000087d00000, 0x0000000087e00000|  0%| F|  |TAMS 0x0000000087d00000, 0x0000000087d00000| Untracked 
| 102|0x0000000087e00000, 0x0000000087f00000, 0x0000000087f00000|100%| S|CS|TAMS 0x0000000087e00000, 0x0000000087e00000| Complete 
| 103|0x0000000087f00000, 0x0000000088000000, 0x0000000088000000|100%| S|CS|TAMS 0x0000000087f00000, 0x0000000087f00000| Complete 
| 104|0x0000000088000000, 0x0000000088100000, 0x0000000088100000|100%| S|CS|TAMS 0x0000000088000000, 0x0000000088000000| Complete 
| 105|0x0000000088100000, 0x0000000088100000, 0x0000000088200000|  0%| F|  |TAMS 0x0000000088100000, 0x0000000088100000| Untracked 
| 106|0x0000000088200000, 0x0000000088200000, 0x0000000088300000|  0%| F|  |TAMS 0x0000000088200000, 0x0000000088200000| Untracked 
| 107|0x0000000088300000, 0x0000000088300000, 0x0000000088400000|  0%| F|  |TAMS 0x0000000088300000, 0x0000000088300000| Untracked 
| 108|0x0000000088400000, 0x0000000088400000, 0x0000000088500000|  0%| F|  |TAMS 0x0000000088400000, 0x0000000088400000| Untracked 
| 109|0x0000000088500000, 0x0000000088500000, 0x0000000088600000|  0%| F|  |TAMS 0x0000000088500000, 0x0000000088500000| Untracked 
| 110|0x0000000088600000, 0x0000000088600000, 0x0000000088700000|  0%| F|  |TAMS 0x0000000088600000, 0x0000000088600000| Untracked 
| 111|0x0000000088700000, 0x0000000088700000, 0x0000000088800000|  0%| F|  |TAMS 0x0000000088700000, 0x0000000088700000| Untracked 
| 112|0x0000000088800000, 0x0000000088800000, 0x0000000088900000|  0%| F|  |TAMS 0x0000000088800000, 0x0000000088800000| Untracked 
| 113|0x0000000088900000, 0x0000000088900000, 0x0000000088a00000|  0%| F|  |TAMS 0x0000000088900000, 0x0000000088900000| Untracked 
| 114|0x0000000088a00000, 0x0000000088a00000, 0x0000000088b00000|  0%| F|  |TAMS 0x0000000088a00000, 0x0000000088a00000| Untracked 
| 115|0x0000000088b00000, 0x0000000088b00000, 0x0000000088c00000|  0%| F|  |TAMS 0x0000000088b00000, 0x0000000088b00000| Untracked 
| 116|0x0000000088c00000, 0x0000000088c00000, 0x0000000088d00000|  0%| F|  |TAMS 0x0000000088c00000, 0x0000000088c00000| Untracked 
| 117|0x0000000088d00000, 0x0000000088d00000, 0x0000000088e00000|  0%| F|  |TAMS 0x0000000088d00000, 0x0000000088d00000| Untracked 
| 118|0x0000000088e00000, 0x0000000088e00000, 0x0000000088f00000|  0%| F|  |TAMS 0x0000000088e00000, 0x0000000088e00000| Untracked 
| 119|0x0000000088f00000, 0x0000000088f00000, 0x0000000089000000|  0%| F|  |TAMS 0x0000000088f00000, 0x0000000088f00000| Untracked 
| 120|0x0000000089000000, 0x0000000089000000, 0x0000000089100000|  0%| F|  |TAMS 0x0000000089000000, 0x0000000089000000| Untracked 
| 121|0x0000000089100000, 0x0000000089100000, 0x0000000089200000|  0%| F|  |TAMS 0x0000000089100000, 0x0000000089100000| Untracked 
| 122|0x0000000089200000, 0x0000000089200000, 0x0000000089300000|  0%| F|  |TAMS 0x0000000089200000, 0x0000000089200000| Untracked 
| 123|0x0000000089300000, 0x0000000089300000, 0x0000000089400000|  0%| F|  |TAMS 0x0000000089300000, 0x0000000089300000| Untracked 
| 124|0x0000000089400000, 0x000000008948e830, 0x0000000089500000| 55%| E|  |TAMS 0x0000000089400000, 0x0000000089400000| Complete 
| 125|0x0000000089500000, 0x0000000089600000, 0x0000000089600000|100%| E|CS|TAMS 0x0000000089500000, 0x0000000089500000| Complete 
| 126|0x0000000089600000, 0x0000000089700000, 0x0000000089700000|100%| E|CS|TAMS 0x0000000089600000, 0x0000000089600000| Complete 
| 127|0x0000000089700000, 0x0000000089800000, 0x0000000089800000|100%| E|CS|TAMS 0x0000000089700000, 0x0000000089700000| Complete 

Card table byte_map: [0x000002bc6f0d0000,0x000002bc6f4d0000] _byte_map_base: 0x000002bc6ecc4000

Marking Bits (Prev, Next): (CMBitMap*) 0x000002bc57f293c0, (CMBitMap*) 0x000002bc57f29400
 Prev Bits: [0x000002bc6f8d0000, 0x000002bc71870000)
 Next Bits: [0x000002bc71870000, 0x000002bc73810000)

Polling page: 0x000002bc55ee0000

Metaspace:

Usage:
  Non-class:      7.14 MB used.
      Class:    917.89 KB used.
       Both:      8.04 MB used.

Virtual space:
  Non-class space:       64.00 MB reserved,       7.25 MB ( 11%) committed,  1 nodes.
      Class space:        1.00 GB reserved,       1.00 MB ( <1%) committed,  1 nodes.
             Both:        1.06 GB reserved,       8.25 MB ( <1%) committed. 

Chunk freelists:
   Non-Class:  8.48 MB
       Class:  15.05 MB
        Both:  23.53 MB

MaxMetaspaceSize: unlimited
CompressedClassSpaceSize: 1.00 GB
Initial GC threshold: 21.00 MB
Current GC threshold: 21.00 MB
CDS: on
MetaspaceReclaimPolicy: balanced
 - commit_granule_bytes: 65536.
 - commit_granule_words: 8192.
 - virtual_space_node_default_size: 8388608.
 - enlarge_chunks_in_place: 1.
 - new_chunks_are_fully_committed: 0.
 - uncommit_free_chunks: 1.
 - use_allocation_guard: 0.
 - handle_deallocations: 1.


Internal statistics:

num_allocs_failed_limit: 0.
num_arena_births: 118.
num_arena_deaths: 0.
num_vsnodes_births: 2.
num_vsnodes_deaths: 0.
num_space_committed: 132.
num_space_uncommitted: 0.
num_chunks_returned_to_freelist: 0.
num_chunks_taken_from_freelist: 161.
num_chunk_merges: 0.
num_chunk_splits: 92.
num_chunks_enlarged: 33.
num_inconsistent_stats: 0.

CodeHeap 'non-profiled nmethods': size=120000Kb used=339Kb max_used=339Kb free=119660Kb
 bounds [0x000002bc67250000, 0x000002bc674c0000, 0x000002bc6e780000]
CodeHeap 'profiled nmethods': size=120000Kb used=1983Kb max_used=1983Kb free=118016Kb
 bounds [0x000002bc5f780000, 0x000002bc5f9f0000, 0x000002bc66cb0000]
CodeHeap 'non-nmethods': size=5760Kb used=1276Kb max_used=1296Kb free=4483Kb
 bounds [0x000002bc66cb0000, 0x000002bc66f20000, 0x000002bc67250000]
 total_blobs=1795 nmethods=1191 adapters=517
 compilation: enabled
              stopped_count=0, restarted_count=0
 full_count=0

Compilation events (20 events):
Event: 0.581 Thread 0x000002bc7644b1f0 1185       1       javax.swing.text.GapVector::getGapEnd (5 bytes)
Event: 0.582 Thread 0x000002bc7644b1f0 nmethod 1185 0x000002bc672a4390 code [0x000002bc672a4520, 0x000002bc672a45f8]
Event: 0.582 Thread 0x000002bc7644b1f0 1183       3       sun.awt.SunToolkit::getAppContext (42 bytes)
Event: 0.583 Thread 0x000002bc7644b1f0 nmethod 1183 0x000002bc5f96b390 code [0x000002bc5f96b620, 0x000002bc5f96c328]
Event: 0.598 Thread 0x000002bc7644b1f0 1186       3       java.lang.StringConcatHelper::initialCoder (14 bytes)
Event: 0.598 Thread 0x000002bc7644b1f0 nmethod 1186 0x000002bc5f96c790 code [0x000002bc5f96c920, 0x000002bc5f96ca38]
Event: 0.598 Thread 0x000002bc7644b1f0 1187       3       java.lang.StringConcatHelper::simpleConcat (94 bytes)
Event: 0.599 Thread 0x000002bc7644b1f0 nmethod 1187 0x000002bc5f96ca90 code [0x000002bc5f96cdc0, 0x000002bc5f96e1d8]
Event: 0.599 Thread 0x000002bc7644b1f0 1188       3       java.lang.Double::isNaN (12 bytes)
Event: 0.599 Thread 0x000002bc7644b1f0 nmethod 1188 0x000002bc5f96e910 code [0x000002bc5f96eaa0, 0x000002bc5f96ec18]
Event: 0.615 Thread 0x000002bc7644b1f0 1189       3       java.nio.Buffer::clear (20 bytes)
Event: 0.615 Thread 0x000002bc7644b1f0 nmethod 1189 0x000002bc5f96ec90 code [0x000002bc5f96ee20, 0x000002bc5f96ef38]
Event: 0.635 Thread 0x000002bc7644b1f0 1190       3       sun.invoke.util.VerifyAccess::isTypeVisible (47 bytes)
Event: 0.636 Thread 0x000002bc7644b1f0 nmethod 1190 0x000002bc5f96f010 code [0x000002bc5f96f200, 0x000002bc5f96f618]
Event: 0.636 Thread 0x000002bc7644b1f0 1191       1       java.util.concurrent.locks.AbstractOwnableSynchronizer::setExclusiveOwnerThread (6 bytes)
Event: 0.636 Thread 0x000002bc7644b1f0 nmethod 1191 0x000002bc672a4690 code [0x000002bc672a4820, 0x000002bc672a4938]
Event: 0.640 Thread 0x000002bc7644b1f0 1192       3       java.lang.Double::doubleToLongBits (16 bytes)
Event: 0.640 Thread 0x000002bc7644b1f0 nmethod 1192 0x000002bc5f96f810 code [0x000002bc5f96f9c0, 0x000002bc5f96fc18]
Event: 0.645 Thread 0x000002bc7644b1f0 1193       1       java.awt.AWTEvent::getID (5 bytes)
Event: 0.646 Thread 0x000002bc7644b1f0 nmethod 1193 0x000002bc672a4990 code [0x000002bc672a4b20, 0x000002bc672a4bf8]

GC Heap History (2 events):
Event: 0.508 GC heap before
{Heap before GC invocations=0 (full 0):
 garbage-first heap   total 131072K, used 35840K [0x0000000081800000, 0x0000000100000000)
  region size 1024K, 23 young (23552K), 0 survivors (0K)
 Metaspace       used 7836K, committed 8064K, reserved 1114112K
  class space    used 870K, committed 960K, reserved 1048576K
}
Event: 0.529 GC heap after
{Heap after GC invocations=1 (full 0):
 garbage-first heap   total 131072K, used 16995K [0x0000000081800000, 0x0000000100000000)
  region size 1024K, 3 young (3072K), 3 survivors (3072K)
 Metaspace       used 7836K, committed 8064K, reserved 1114112K
  class space    used 870K, committed 960K, reserved 1048576K
}

Deoptimization events (20 events):
Event: 0.254 Thread 0x000002bc57eccda0 Uncommon trap: trap_request=0xffffffde fr.pc=0x000002bc6727e000 relative=0x00000000000003c0
Event: 0.254 Thread 0x000002bc57eccda0 Uncommon trap: reason=class_check action=maybe_recompile pc=0x000002bc6727e000 method=java.util.HashMap.getNode(Ljava/lang/Object;)Ljava/util/HashMap$Node; @ 63 c2
Event: 0.254 Thread 0x000002bc57eccda0 DEOPT PACKING pc=0x000002bc6727e000 sp=0x000000dec7efe970
Event: 0.254 Thread 0x000002bc57eccda0 DEOPT UNPACKING pc=0x000002bc66d023a3 sp=0x000000dec7efe8e8 mode 2
Event: 0.280 Thread 0x000002bc57eccda0 Uncommon trap: trap_request=0xffffff45 fr.pc=0x000002bc6727ab68 relative=0x0000000000000368
Event: 0.280 Thread 0x000002bc57eccda0 Uncommon trap: reason=unstable_if action=reinterpret pc=0x000002bc6727ab68 method=java.lang.StringUTF16.compress([CI[BII)I @ 20 c2
Event: 0.280 Thread 0x000002bc57eccda0 DEOPT PACKING pc=0x000002bc6727ab68 sp=0x000000dec7efceb0
Event: 0.280 Thread 0x000002bc57eccda0 DEOPT UNPACKING pc=0x000002bc66d023a3 sp=0x000000dec7efce30 mode 2
Event: 0.460 Thread 0x000002bc7b8432a0 Uncommon trap: trap_request=0xffffff45 fr.pc=0x000002bc6725ad34 relative=0x00000000000001b4
Event: 0.460 Thread 0x000002bc7b8432a0 Uncommon trap: reason=unstable_if action=reinterpret pc=0x000002bc6725ad34 method=java.lang.String.isLatin1()Z @ 10 c2
Event: 0.460 Thread 0x000002bc7b8432a0 DEOPT PACKING pc=0x000002bc6725ad34 sp=0x000000dec96fcee0
Event: 0.460 Thread 0x000002bc7b8432a0 DEOPT UNPACKING pc=0x000002bc66d023a3 sp=0x000000dec96fce10 mode 2
Event: 0.487 Thread 0x000002bc7b8432a0 Uncommon trap: trap_request=0xffffff45 fr.pc=0x000002bc6729d3ec relative=0x000000000000042c
Event: 0.487 Thread 0x000002bc7b8432a0 Uncommon trap: reason=unstable_if action=reinterpret pc=0x000002bc6729d3ec method=java.lang.Character.isSurrogate(C)Z @ 3 c2
Event: 0.487 Thread 0x000002bc7b8432a0 DEOPT PACKING pc=0x000002bc6729d3ec sp=0x000000dec96fcbd0
Event: 0.487 Thread 0x000002bc7b8432a0 DEOPT UNPACKING pc=0x000002bc66d023a3 sp=0x000000dec96fcaf8 mode 2
Event: 0.560 Thread 0x000002bc7b8432a0 Uncommon trap: trap_request=0xffffff45 fr.pc=0x000002bc672917f0 relative=0x0000000000000530
Event: 0.560 Thread 0x000002bc7b8432a0 Uncommon trap: reason=unstable_if action=reinterpret pc=0x000002bc672917f0 method=java.lang.StringLatin1.toLowerCase(Ljava/lang/String;[BLjava/util/Locale;)Ljava/lang/String; @ 43 c2
Event: 0.560 Thread 0x000002bc7b8432a0 DEOPT PACKING pc=0x000002bc672917f0 sp=0x000000dec96fd090
Event: 0.560 Thread 0x000002bc7b8432a0 DEOPT UNPACKING pc=0x000002bc66d023a3 sp=0x000000dec96fd000 mode 2

Classes unloaded (0 events):
No events

Classes redefined (0 events):
No events

Internal exceptions (17 events):
Event: 0.051 Thread 0x000002bc57eccda0 Exception <a 'sun/nio/fs/WindowsException'{0x00000000896400c0}> (0x00000000896400c0) 
thrown [s\open\src\hotspot\share\prims\jni.cpp, line 516]
Event: 0.051 Thread 0x000002bc57eccda0 Exception <a 'sun/nio/fs/WindowsException'{0x0000000089640620}> (0x0000000089640620) 
thrown [s\open\src\hotspot\share\prims\jni.cpp, line 516]
Event: 0.052 Thread 0x000002bc57eccda0 Exception <a 'sun/nio/fs/WindowsException'{0x00000000896429f0}> (0x00000000896429f0) 
thrown [s\open\src\hotspot\share\prims\jni.cpp, line 516]
Event: 0.052 Thread 0x000002bc57eccda0 Exception <a 'sun/nio/fs/WindowsException'{0x00000000896434e0}> (0x00000000896434e0) 
thrown [s\open\src\hotspot\share\prims\jni.cpp, line 516]
Event: 0.079 Thread 0x000002bc57eccda0 Exception <a 'java/lang/ClassNotFoundException'{0x00000000896faa98}: sun/awt/resources/spi/awtProvider> (0x00000000896faa98) 
thrown [s\open\src\hotspot\share\classfile\systemDictionary.cpp, line 256]
Event: 0.093 Thread 0x000002bc57eccda0 Exception <a 'java/io/FileNotFoundException'{0x00000000895676e0}> (0x00000000895676e0) 
thrown [s\open\src\hotspot\share\prims\jni.cpp, line 516]
Event: 0.098 Thread 0x000002bc57eccda0 Exception <a 'java/io/FileNotFoundException'{0x00000000895948c8}> (0x00000000895948c8) 
thrown [s\open\src\hotspot\share\prims\jni.cpp, line 516]
Event: 0.119 Thread 0x000002bc57eccda0 Exception <a 'java/lang/NoSuchMethodError'{0x00000000895d88c8}: 'java.lang.Object java.lang.invoke.DirectMethodHandle$Holder.invokeStaticInit(java.lang.Object)'> (0x00000000895d88c8) 
thrown [s\open\src\hotspot\share\interpreter\linkResolver.cpp, line 759]
Event: 0.141 Thread 0x000002bc57eccda0 Exception <a 'java/lang/NoSuchMethodError'{0x0000000089498cc8}: 'void java.lang.invoke.DirectMethodHandle$Holder.invokeSpecial(java.lang.Object, java.lang.Object, java.lang.Object)'> (0x0000000089498cc8) 
thrown [s\open\src\hotspot\share\interpreter\linkResolver.cpp, line 759]
Event: 0.146 Thread 0x000002bc57eccda0 Exception <a 'java/lang/NoSuchMethodError'{0x00000000894c2e30}: 'java.lang.Object java.lang.invoke.DirectMethodHandle$Holder.newInvokeSpecial(java.lang.Object, java.lang.Object, java.lang.Object, java.lang.Object, java.lang.Object)'> (0x00000000894c2e30) 
thrown [s\open\src\hotspot\share\interpreter\linkResolver.cpp, line 759]
Event: 0.147 Thread 0x000002bc57eccda0 Exception <a 'java/lang/NoSuchMethodError'{0x00000000894ce7f8}: 'java.lang.Object java.lang.invoke.DirectMethodHandle$Holder.invokeStatic(java.lang.Object, int, java.lang.Object, java.lang.Object, java.lang.Object, java.lang.Object)'> (0x00000000894ce7f8) 
thrown [s\open\src\hotspot\share\interpreter\linkResolver.cpp, line 759]
Event: 0.149 Thread 0x000002bc57eccda0 Exception <a 'java/lang/NoSuchMethodError'{0x00000000894f4200}: 'java.lang.Object java.lang.invoke.DirectMethodHandle$Holder.invokeStatic(java.lang.Object, int, java.lang.Object)'> (0x00000000894f4200) 
thrown [s\open\src\hotspot\share\interpreter\linkResolver.cpp, line 759]
Event: 0.164 Thread 0x000002bc57eccda0 Exception <a 'java/lang/ClassNotFoundException'{0x00000000893ac588}: com/sun/swing/internal/plaf/metal/resources/spi/metalProvider> (0x00000000893ac588) 
thrown [s\open\src\hotspot\share\classfile\systemDictionary.cpp, line 256]
Event: 0.165 Thread 0x000002bc57eccda0 Exception <a 'java/lang/ClassNotFoundException'{0x00000000893b03e0}: com/sun/swing/internal/plaf/basic/resources/spi/basicProvider> (0x00000000893b03e0) 
thrown [s\open\src\hotspot\share\classfile\systemDictionary.cpp, line 256]
Event: 0.200 Thread 0x000002bc76970010 Exception <a 'java/lang/NoSuchMethodError'{0x0000000089169a90}: 'java.lang.Object java.lang.invoke.DirectMethodHandle$Holder.newInvokeSpecial(java.lang.Object, java.lang.Object, java.lang.Object, int, int, int, int, int)'> (0x0000000089169a90) 
thrown [s\open\src\hotspot\share\interpreter\linkResolver.cpp, line 759]
Event: 0.271 Thread 0x000002bc57eccda0 Exception <a 'java/lang/NoSuchMethodError'{0x0000000088794820}: 'void java.lang.invoke.DirectMethodHandle$Holder.invokeStaticInit(java.lang.Object)'> (0x0000000088794820) 
thrown [s\open\src\hotspot\share\interpreter\linkResolver.cpp, line 759]
Event: 0.310 Thread 0x000002bc768ede70 Exception <a 'java/lang/NoSuchMethodError'{0x0000000089410748}: 'void java.lang.invoke.DirectMethodHandle$Holder.invokeVirtual(java.lang.Object, java.lang.Object)'> (0x0000000089410748) 
thrown [s\open\src\hotspot\share\interpreter\linkResolver.cpp, line 759]

VM Operations (14 events):
Event: 0.053 Executing VM operation: HandshakeAllThreads
Event: 0.053 Executing VM operation: HandshakeAllThreads done
Event: 0.221 Executing VM operation: HandshakeAllThreads
Event: 0.221 Executing VM operation: HandshakeAllThreads done
Event: 0.252 Executing VM operation: HandshakeAllThreads
Event: 0.252 Executing VM operation: HandshakeAllThreads done
Event: 0.284 Executing VM operation: HandshakeAllThreads
Event: 0.284 Executing VM operation: HandshakeAllThreads done
Event: 0.312 Executing VM operation: HandshakeAllThreads
Event: 0.312 Executing VM operation: HandshakeAllThreads done
Event: 0.487 Executing VM operation: ICBufferFull
Event: 0.487 Executing VM operation: ICBufferFull done
Event: 0.508 Executing VM operation: G1CollectForAllocation
Event: 0.529 Executing VM operation: G1CollectForAllocation done

Events (20 events):
Event: 0.636 loading class java/util/concurrent/Delayed done
Event: 0.636 loading class javax/swing/TimerQueue$DelayedTimer done
Event: 0.637 loading class java/awt/TextComponent
Event: 0.637 loading class java/util/concurrent/TimeUnit$1
Event: 0.637 loading class java/util/concurrent/TimeUnit$1 done
Event: 0.638 loading class java/awt/TextComponent done
Event: 0.644 loading class java/awt/Container$MouseEventTargetFilter
Event: 0.644 loading class java/awt/Container$EventTargetFilter
Event: 0.644 loading class java/awt/Container$EventTargetFilter done
Event: 0.644 loading class java/awt/Container$MouseEventTargetFilter done
Event: 0.644 loading class java/awt/LightweightDispatcher$1
Event: 0.644 loading class java/awt/LightweightDispatcher$1 done
Event: 0.644 loading class java/awt/event/AWTEventListenerProxy
Event: 0.645 loading class java/awt/event/AWTEventListenerProxy done
Event: 0.645 loading class java/awt/Toolkit$SelectiveAWTEventListener
Event: 0.645 loading class java/awt/Toolkit$SelectiveAWTEventListener done
Event: 0.645 loading class java/awt/Toolkit$ToolkitEventMulticaster
Event: 0.645 loading class java/awt/Toolkit$ToolkitEventMulticaster done
Event: 0.645 loading class java/awt/event/MouseWheelEvent
Event: 0.646 loading class java/awt/event/MouseWheelEvent done


Dynamic libraries:
0x00007ff7ecd40000 - 0x00007ff7ecd50000 	C:\Program Files\Java\jdk-17\bin\java.exe
0x00007ffac6850000 - 0x00007ffac6a47000 	C:\Windows\SYSTEM32\ntdll.dll
0x00007ffac65a0000 - 0x00007ffac665d000 	C:\Windows\System32\KERNEL32.DLL
0x00007ffac45b0000 - 0x00007ffac48a6000 	C:\Windows\System32\KERNELBASE.dll
0x00007ffac4210000 - 0x00007ffac4310000 	C:\Windows\System32\ucrtbase.dll
0x00007ffabf980000 - 0x00007ffabf99b000 	C:\Program Files\Java\jdk-17\bin\VCRUNTIME140.dll
0x00007ffabe8c0000 - 0x00007ffabe8d9000 	C:\Program Files\Java\jdk-17\bin\jli.dll
0x00007ffac6690000 - 0x00007ffac673e000 	C:\Windows\System32\ADVAPI32.dll
0x00007ffac5e90000 - 0x00007ffac5f2e000 	C:\Windows\System32\msvcrt.dll
0x00007ffac5d90000 - 0x00007ffac5e2c000 	C:\Windows\System32\sechost.dll
0x00007ffac5c60000 - 0x00007ffac5d86000 	C:\Windows\System32\RPCRT4.dll
0x00007ffac53d0000 - 0x00007ffac556e000 	C:\Windows\System32\USER32.dll
0x00007ffac4430000 - 0x00007ffac4452000 	C:\Windows\System32\win32u.dll
0x00007ffab76b0000 - 0x00007ffab794a000 	C:\Windows\WinSxS\amd64_microsoft.windows.common-controls_6595b64144ccf1df_6.0.19041.3570_none_60bb2a3971f3e41a\COMCTL32.dll
0x00007ffac5570000 - 0x00007ffac559c000 	C:\Windows\System32\GDI32.dll
0x00007ffac4310000 - 0x00007ffac442a000 	C:\Windows\System32\gdi32full.dll
0x00007ffac3f30000 - 0x00007ffac3fcd000 	C:\Windows\System32\msvcp_win.dll
0x00007ffabe530000 - 0x00007ffabe53a000 	C:\Windows\SYSTEM32\VERSION.dll
0x00007ffac6660000 - 0x00007ffac6690000 	C:\Windows\System32\IMM32.DLL
0x00007ffabf960000 - 0x00007ffabf96c000 	C:\Program Files\Java\jdk-17\bin\vcruntime140_1.dll
0x00007ffaa5ba0000 - 0x00007ffaa5c2e000 	C:\Program Files\Java\jdk-17\bin\msvcp140.dll
0x00007ffa7f640000 - 0x00007ffa80221000 	C:\Program Files\Java\jdk-17\bin\server\jvm.dll
0x00007ffac5b70000 - 0x00007ffac5b78000 	C:\Windows\System32\PSAPI.DLL
0x00007ffac1750000 - 0x00007ffac1777000 	C:\Windows\SYSTEM32\WINMM.dll
0x00007ffabf970000 - 0x00007ffabf979000 	C:\Windows\SYSTEM32\WSOCK32.dll
0x00007ffac67a0000 - 0x00007ffac680b000 	C:\Windows\System32\WS2_32.dll
0x00007ffac1d10000 - 0x00007ffac1d22000 	C:\Windows\SYSTEM32\kernel.appcore.dll
0x00007ffabe9a0000 - 0x00007ffabe9aa000 	C:\Program Files\Java\jdk-17\bin\jimage.dll
0x00007ffab7350000 - 0x00007ffab7534000 	C:\Windows\SYSTEM32\DBGHELP.DLL
0x00007ffaacb80000 - 0x00007ffaacbb4000 	C:\Windows\SYSTEM32\dbgcore.DLL
0x00007ffac4460000 - 0x00007ffac44e2000 	C:\Windows\System32\bcryptPrimitives.dll
0x00007ffaa6590000 - 0x00007ffaa65b5000 	C:\Program Files\Java\jdk-17\bin\java.dll
0x00007ffaa5c30000 - 0x00007ffaa5d07000 	C:\Program Files\Java\jdk-17\bin\jsvml.dll
0x00007ffac4960000 - 0x00007ffac50a4000 	C:\Windows\System32\SHELL32.dll
0x00007ffac1ff0000 - 0x00007ffac278b000 	C:\Windows\SYSTEM32\windows.storage.dll
0x00007ffac6110000 - 0x00007ffac6464000 	C:\Windows\System32\combase.dll
0x00007ffac3970000 - 0x00007ffac399d000 	C:\Windows\SYSTEM32\Wldp.dll
0x00007ffac48b0000 - 0x00007ffac495d000 	C:\Windows\System32\SHCORE.dll
0x00007ffac50b0000 - 0x00007ffac5105000 	C:\Windows\System32\shlwapi.dll
0x00007ffac3e60000 - 0x00007ffac3e85000 	C:\Windows\SYSTEM32\profapi.dll
0x00007ffab8140000 - 0x00007ffab8159000 	C:\Program Files\Java\jdk-17\bin\net.dll
0x00007ffabd9b0000 - 0x00007ffabdaba000 	C:\Windows\SYSTEM32\WINHTTP.dll
0x00007ffac36d0000 - 0x00007ffac373a000 	C:\Windows\system32\mswsock.dll
0x00007ffaa6570000 - 0x00007ffaa6586000 	C:\Program Files\Java\jdk-17\bin\nio.dll
0x00007ffaa6550000 - 0x00007ffaa6568000 	C:\Program Files\Java\jdk-17\bin\zip.dll
0x00007ffaa40c0000 - 0x00007ffaa4251000 	C:\Program Files\Java\jdk-17\bin\awt.dll
0x00007ffac55a0000 - 0x00007ffac566d000 	C:\Windows\System32\OLEAUT32.dll
0x00007ffac17f0000 - 0x00007ffac1880000 	C:\Windows\SYSTEM32\apphelp.dll
0x00007ffac1ce0000 - 0x00007ffac1d0f000 	C:\Windows\system32\DWMAPI.DLL
0x00007ffac1920000 - 0x00007ffac19be000 	C:\Windows\system32\uxtheme.dll
0x00007ffaa06a0000 - 0x00007ffaa07c5000 	C:\Windows\system32\opengl32.dll
0x00007ffaa6520000 - 0x00007ffaa654c000 	C:\Windows\SYSTEM32\GLU32.dll
0x00007ffac5ff0000 - 0x00007ffac6104000 	C:\Windows\System32\MSCTF.dll
0x00007ffac6470000 - 0x00007ffac659b000 	C:\Windows\System32\ole32.dll
0x00007ffaba550000 - 0x00007ffaba58b000 	C:\Windows\SYSTEM32\dxcore.dll
0x00007ffac4560000 - 0x00007ffac45ae000 	C:\Windows\System32\cfgmgr32.dll
0x00007ffabc1a0000 - 0x00007ffabc1ce000 	C:\Program Files\Java\jdk-17\bin\javajpeg.dll
0x00007ffaa5b10000 - 0x00007ffaa5b97000 	C:\Program Files\Java\jdk-17\bin\freetype.dll
0x00007ffaa3fe0000 - 0x00007ffaa40b3000 	C:\Program Files\Java\jdk-17\bin\fontmanager.dll
0x00007ffac5f40000 - 0x00007ffac5fe9000 	C:\Windows\System32\clbcatq.dll
0x00007ffabd7f0000 - 0x00007ffabd9a4000 	C:\Windows\SYSTEM32\WindowsCodecs.dll
0x00007ffac3fd0000 - 0x00007ffac3ff7000 	C:\Windows\System32\bcrypt.dll
0x00007ffaaece0000 - 0x00007ffaaed1e000 	C:\Windows\system32\dataexchange.dll
0x00007ffac0330000 - 0x00007ffac0593000 	C:\Windows\system32\d3d11.dll
0x00007ffac0bb0000 - 0x00007ffac0d93000 	C:\Windows\system32\dcomp.dll
0x00007ffac27d0000 - 0x00007ffac28c3000 	C:\Windows\system32\dxgi.dll
0x00007ffabdf10000 - 0x00007ffabe117000 	C:\Windows\system32\twinapi.appcore.dll
0x00007ffab9170000 - 0x00007ffab926a000 	C:\Windows\SYSTEM32\textinputframework.dll
0x00007ffac1170000 - 0x00007ffac14cb000 	C:\Windows\System32\CoreUIComponents.dll
0x00007ffac14d0000 - 0x00007ffac15c2000 	C:\Windows\System32\CoreMessaging.dll
0x00007ffac3090000 - 0x00007ffac30c3000 	C:\Windows\SYSTEM32\ntmarta.dll
0x00007ffabfc20000 - 0x00007ffabfd75000 	C:\Windows\SYSTEM32\wintypes.dll

dbghelp: loaded successfully - version: 4.0.5 - missing functions: none
symbol engine: initialized successfully - sym options: 0x614 - pdb path: .;C:\Program Files\Java\jdk-17\bin;C:\Windows\SYSTEM32;C:\Windows\WinSxS\amd64_microsoft.windows.common-controls_6595b64144ccf1df_6.0.19041.3570_none_60bb2a3971f3e41a;C:\Program Files\Java\jdk-17\bin\server

VM Arguments:
jvm_args: -Dfile.encoding=UTF-8 --module-path=C:\Users\HI\Documents\NetBeansProjects\Bank Management System\build\classes 
java_command: bank.management.system.Login
java_class_path (initial): C:\Users\HI\Documents\NetBeansProjects\jcalendar-tz-1.3.3-4.jar\jcalendar-tz-1.3.3-4.jar;C:\Users\HI\Documents\NetBeansProjects\jar_files\mysql-connector-java-8.0.30.jar;C:\Users\HI\Documents\NetBeansProjects\Bank Management System\build\classes
Launcher Type: SUN_STANDARD

[Global flags]
     intx CICompilerCount                          = 4                                         {product} {ergonomic}
     uint ConcGCThreads                            = 3                                         {product} {ergonomic}
     uint G1ConcRefinementThreads                  = 10                                        {product} {ergonomic}
   size_t G1HeapRegionSize                         = 1048576                                   {product} {ergonomic}
    uintx GCDrainStackTargetSize                   = 64                                        {product} {ergonomic}
   size_t InitialHeapSize                          = 134217728                                 {product} {ergonomic}
   size_t MarkStackSize                            = 4194304                                   {product} {ergonomic}
   size_t MaxHeapSize                              = 2122317824                                {product} {ergonomic}
   size_t MaxNewSize                               = 1272971264                                {product} {ergonomic}
   size_t MinHeapDeltaBytes                        = 1048576                                   {product} {ergonomic}
   size_t MinHeapSize                              = 8388608                                   {product} {ergonomic}
    uintx NonNMethodCodeHeapSize                   = 5839372                                {pd product} {ergonomic}
    uintx NonProfiledCodeHeapSize                  = 122909434                              {pd product} {ergonomic}
    uintx ProfiledCodeHeapSize                     = 122909434                              {pd product} {ergonomic}
    uintx ReservedCodeCacheSize                    = 251658240                              {pd product} {ergonomic}
     bool SegmentedCodeCache                       = true                                      {product} {ergonomic}
   size_t SoftMaxHeapSize                          = 2122317824                             {manageable} {ergonomic}
     bool UseCompressedClassPointers               = true                           {product lp64_product} {ergonomic}
     bool UseCompressedOops                        = true                           {product lp64_product} {ergonomic}
     bool UseG1GC                                  = true                                      {product} {ergonomic}
     bool UseLargePagesIndividualAllocation        = false                                  {pd product} {ergonomic}

Logging:
Log output configuration:
 #0: stdout all=warning uptime,level,tags
 #1: stderr all=off uptime,level,tags

Environment Variables:
PATH=C:\Program Files\Common Files\Oracle\Java\javapath;C:\Windows\system32;C:\Windows;C:\Windows\System32\Wbem;C:\Windows\System32\WindowsPowerShell\v1.0\;C:\Windows\System32\OpenSSH\;C:\Program Files\Git\cmd;C:\Program Files\Java\jdk-17\bin;C:\Program Files\MySQL\MySQL Shell 8.0\bin\;C:\Users\HI\AppData\Local\Microsoft\WindowsApps;C:\MinGW\bin;C:\Users\HI\AppData\Local\Programs\Microsoft VS Code\bin;
USERNAME=HI
OS=Windows_NT
PROCESSOR_IDENTIFIER=Intel64 Family 6 Model 165 Stepping 3, GenuineIntel



---------------  S Y S T E M  ---------------

OS:
 Windows 10 , 64 bit Build 19041 (10.0.19041.3570)
OS uptime: 4 days 8:01 hours

CPU: total 12 (initial active 12) (6 cores per cpu, 2 threads per core) family 6 model 165 stepping 3 microcode 0xea, cx8, cmov, fxsr, ht, mmx, 3dnowpref, sse, sse2, sse3, ssse3, sse4.1, sse4.2, popcnt, lzcnt, tsc, tscinvbit, avx, avx2, aes, erms, clmul, bmi1, bmi2, adx, fma, vzeroupper, clflush, clflushopt

Memory: 4k page, system-wide physical 8088M (976M free)
TotalPageFile size 16898M (AvailPageFile size 7M)
current process WorkingSet (physical memory assigned to process): 107M, peak: 107M
current process commit charge ("private bytes"): 238M, peak: 238M

vm_info: Java HotSpot(TM) 64-Bit Server VM (17.0.9+11-LTS-201) for windows-amd64 JRE (17.0.9+11-LTS-201), built on Oct 10 2023 23:16:06 by "mach5one" with MS VC++ 17.1 (VS2022)

END.
