#
# There is insufficient memory for the Java Runtime Environment to continue.
# Native memory allocation (mmap) failed to map 134217728 bytes for G1 virtual space
# Possible reasons:
#   The system is out of physical RAM or swap space
#   The process is running with CompressedOops enabled, and the Java Heap may be blocking the growth of the native heap
# Possible solutions:
#   Reduce memory load on the system
#   Increase physical memory or swap space
#   Check if swap backing store is full
#   Decrease Java heap size (-Xmx/-Xms)
#   Decrease number of Java threads
#   Decrease Java thread stack sizes (-Xss)
#   Set larger code cache with -XX:ReservedCodeCacheSize=
#   JVM is running with Unscaled Compressed Oops mode in which the Java heap is
#     placed in the first 4GB address space. The Java Heap base address is the
#     maximum limit for the native heap growth. Please use -XX:HeapBaseMinAddress
#     to set the Java Heap base and to place the Java Heap above 4GB virtual address.
# This output file may be truncated or incomplete.
#
#  Out of Memory Error (os_windows.cpp:3552), pid=11920, tid=3468
#
# JRE version:  (17.0.9+11) (build )
# Java VM: Java HotSpot(TM) 64-Bit Server VM (17.0.9+11-LTS-201, mixed mode, sharing, tiered, compressed oops, compressed class ptrs, g1 gc, windows-amd64)
# No core dump will be written. Minidumps are not enabled by default on client versions of Windows
#

---------------  S U M M A R Y ------------

Command Line: -Dfile.encoding=UTF-8 --module-path=C:\Users\HI\Documents\NetBeansProjects\Bank Management System\build\classes bank.management.system.SignUp_File

Host: Intel(R) Core(TM) i5-10400 CPU @ 2.90GHz, 12 cores, 7G,  Windows 10 , 64 bit Build 19041 (10.0.19041.3570)
Time: Sat Oct 21 10:55:35 2023 Pacific Daylight Time elapsed time: 0.005754 seconds (0d 0h 0m 0s)

---------------  T H R E A D  ---------------

Current thread (0x0000022c2338bd90):  JavaThread "Unknown thread" [_thread_in_vm, id=3468, stack(0x000000cbead00000,0x000000cbeae00000)]

Stack: [0x000000cbead00000,0x000000cbeae00000]
Native frames: (J=compiled Java code, j=interpreted, Vv=VM code, C=native code)
V  [jvm.dll+0x678a4a]
V  [jvm.dll+0x7d9cfd]
V  [jvm.dll+0x7db60e]
V  [jvm.dll+0x7dbc73]
V  [jvm.dll+0x245e1f]
V  [jvm.dll+0x6758f9]
V  [jvm.dll+0x66a2a2]
V  [jvm.dll+0x303686]
V  [jvm.dll+0x30ac06]
V  [jvm.dll+0x35a48e]
V  [jvm.dll+0x35a6bf]
V  [jvm.dll+0x2da678]
V  [jvm.dll+0x2db5e4]
V  [jvm.dll+0x7ab6b1]
V  [jvm.dll+0x368041]
V  [jvm.dll+0x78a749]
V  [jvm.dll+0x3ebd4f]
V  [jvm.dll+0x3ed7d1]
C  [jli.dll+0x5297]
C  [ucrtbase.dll+0x21bb2]
C  [KERNEL32.DLL+0x17344]
C  [ntdll.dll+0x526b1]


---------------  P R O C E S S  ---------------

Threads class SMR info:
_java_thread_list=0x00007ffa8e3e89d8, length=0, elements={
}

Java Threads: ( => current thread )

Other Threads:
  0x0000022c233e7d80 GCTaskThread "GC Thread#0" [stack: 0x000000cbeae00000,0x000000cbeaf00000] [id=11232]
  0x0000022c233f88e0 ConcurrentGCThread "G1 Main Marker" [stack: 0x000000cbeaf00000,0x000000cbeb000000] [id=7068]
  0x0000022c233f9200 ConcurrentGCThread "G1 Conc#0" [stack: 0x000000cbeb000000,0x000000cbeb100000] [id=11172]

[error occurred during error reporting (printing all threads), id 0xc0000005, EXCEPTION_ACCESS_VIOLATION (0xc0000005) at pc=0x00007ffa8dc1b2d7]

VM state: not at safepoint (not fully initialized)

VM Mutex/Monitor currently owned by a thread:  ([mutex/lock_event])
[0x0000022c23389010] Heap_lock - owner thread: 0x0000022c2338bd90

Heap address: 0x0000000081800000, size: 2024 MB, Compressed Oops mode: 32-bit

CDS archive(s) mapped at: [0x0000000000000000-0x0000000000000000-0x0000000000000000), size 0, SharedBaseAddress: 0x0000000800000000, ArchiveRelocationMode: 1.
Narrow klass base: 0x0000000000000000, Narrow klass shift: 0, Narrow klass range: 0x0

GC Precious Log:
<Empty>

Heap:
 garbage-first heap   total 0K, used 0K [0x0000000081800000, 0x0000000100000000)
  region size 1024K, 0 young (0K), 0 survivors (0K)

[error occurred during error reporting (printing heap information), id 0xc0000005, EXCEPTION_ACCESS_VIOLATION (0xc0000005) at pc=0x00007ffa8e002229]

GC Heap History (0 events):
No events

Deoptimization events (0 events):
No events

Classes unloaded (0 events):
No events

Classes redefined (0 events):
No events

Internal exceptions (0 events):
No events

VM Operations (0 events):
No events

Events (1 events):
Event: 0.004 Loaded shared library C:\Program Files\Java\jdk-17\bin\java.dll


Dynamic libraries:
0x00007ff6ccdb0000 - 0x00007ff6ccdc0000 	C:\Program Files\Java\jdk-17\bin\java.exe
0x00007ffac6850000 - 0x00007ffac6a47000 	C:\Windows\SYSTEM32\ntdll.dll
0x00007ffac65a0000 - 0x00007ffac665d000 	C:\Windows\System32\KERNEL32.DLL
0x00007ffac45b0000 - 0x00007ffac48a6000 	C:\Windows\System32\KERNELBASE.dll
0x00007ffac4210000 - 0x00007ffac4310000 	C:\Windows\System32\ucrtbase.dll
0x00007ffabf960000 - 0x00007ffabf97b000 	C:\Program Files\Java\jdk-17\bin\VCRUNTIME140.dll
0x00007ffaad5a0000 - 0x00007ffaad5b9000 	C:\Program Files\Java\jdk-17\bin\jli.dll
0x00007ffac6690000 - 0x00007ffac673e000 	C:\Windows\System32\ADVAPI32.dll
0x00007ffac5e90000 - 0x00007ffac5f2e000 	C:\Windows\System32\msvcrt.dll
0x00007ffac5d90000 - 0x00007ffac5e2c000 	C:\Windows\System32\sechost.dll
0x00007ffac5c60000 - 0x00007ffac5d86000 	C:\Windows\System32\RPCRT4.dll
0x00007ffac53d0000 - 0x00007ffac556e000 	C:\Windows\System32\USER32.dll
0x00007ffac4430000 - 0x00007ffac4452000 	C:\Windows\System32\win32u.dll
0x00007ffab76b0000 - 0x00007ffab794a000 	C:\Windows\WinSxS\amd64_microsoft.windows.common-controls_6595b64144ccf1df_6.0.19041.3570_none_60bb2a3971f3e41a\COMCTL32.dll
0x00007ffac5570000 - 0x00007ffac559c000 	C:\Windows\System32\GDI32.dll
0x00007ffac4310000 - 0x00007ffac442a000 	C:\Windows\System32\gdi32full.dll
0x00007ffac3f30000 - 0x00007ffac3fcd000 	C:\Windows\System32\msvcp_win.dll
0x00007ffabe530000 - 0x00007ffabe53a000 	C:\Windows\SYSTEM32\VERSION.dll
0x00007ffac6660000 - 0x00007ffac6690000 	C:\Windows\System32\IMM32.DLL
0x00007ffabfa60000 - 0x00007ffabfa6c000 	C:\Program Files\Java\jdk-17\bin\vcruntime140_1.dll
0x00007ffab7ef0000 - 0x00007ffab7f7e000 	C:\Program Files\Java\jdk-17\bin\msvcp140.dll
0x00007ffa8d930000 - 0x00007ffa8e511000 	C:\Program Files\Java\jdk-17\bin\server\jvm.dll
0x00007ffac5b70000 - 0x00007ffac5b78000 	C:\Windows\System32\PSAPI.DLL
0x00007ffabfa70000 - 0x00007ffabfa79000 	C:\Windows\SYSTEM32\WSOCK32.dll
0x00007ffab8eb0000 - 0x00007ffab8ed7000 	C:\Windows\SYSTEM32\WINMM.dll
0x00007ffac67a0000 - 0x00007ffac680b000 	C:\Windows\System32\WS2_32.dll
0x00007ffac1d10000 - 0x00007ffac1d22000 	C:\Windows\SYSTEM32\kernel.appcore.dll
0x00007ffabf9f0000 - 0x00007ffabf9fa000 	C:\Program Files\Java\jdk-17\bin\jimage.dll
0x00007ffab7350000 - 0x00007ffab7534000 	C:\Windows\SYSTEM32\DBGHELP.DLL
0x00007ffaacb80000 - 0x00007ffaacbb4000 	C:\Windows\SYSTEM32\dbgcore.DLL
0x00007ffac4460000 - 0x00007ffac44e2000 	C:\Windows\System32\bcryptPrimitives.dll
0x00007ffabf930000 - 0x00007ffabf955000 	C:\Program Files\Java\jdk-17\bin\java.dll

dbghelp: loaded successfully - version: 4.0.5 - missing functions: none
symbol engine: initialized successfully - sym options: 0x614 - pdb path: .;C:\Program Files\Java\jdk-17\bin;C:\Windows\SYSTEM32;C:\Windows\WinSxS\amd64_microsoft.windows.common-controls_6595b64144ccf1df_6.0.19041.3570_none_60bb2a3971f3e41a;C:\Program Files\Java\jdk-17\bin\server

VM Arguments:
jvm_args: -Dfile.encoding=UTF-8 --module-path=C:\Users\HI\Documents\NetBeansProjects\Bank Management System\build\classes 
java_command: bank.management.system.SignUp_File
java_class_path (initial): C:\Users\HI\Documents\NetBeansProjects\jcalendar-tz-1.3.3-4.jar\jcalendar-tz-1.3.3-4.jar;C:\Users\HI\Documents\NetBeansProjects\Bank Management System\build\classes
Launcher Type: SUN_STANDARD

[Global flags]
     intx CICompilerCount                          = 4                                         {product} {ergonomic}
     uint ConcGCThreads                            = 3                                         {product} {ergonomic}
     uint G1ConcRefinementThreads                  = 10                                        {product} {ergonomic}
   size_t G1HeapRegionSize                         = 1048576                                   {product} {ergonomic}
    uintx GCDrainStackTargetSize                   = 64                                        {product} {ergonomic}
   size_t InitialHeapSize                          = 134217728                                 {product} {ergonomic}
   size_t MarkStackSize                            = 4194304                                   {product} {ergonomic}
   size_t MaxHeapSize                              = 2122317824                                {product} {ergonomic}
   size_t MinHeapDeltaBytes                        = 1048576                                   {product} {ergonomic}
   size_t MinHeapSize                              = 8388608                                   {product} {ergonomic}
    uintx NonNMethodCodeHeapSize                   = 5839372                                {pd product} {ergonomic}
    uintx NonProfiledCodeHeapSize                  = 122909434                              {pd product} {ergonomic}
    uintx ProfiledCodeHeapSize                     = 122909434                              {pd product} {ergonomic}
    uintx ReservedCodeCacheSize                    = 251658240                              {pd product} {ergonomic}
     bool SegmentedCodeCache                       = true                                      {product} {ergonomic}
   size_t SoftMaxHeapSize                          = 2122317824                             {manageable} {ergonomic}
     bool UseCompressedClassPointers               = true                           {product lp64_product} {ergonomic}
     bool UseCompressedOops                        = true                           {product lp64_product} {ergonomic}
     bool UseG1GC                                  = true                                      {product} {ergonomic}
     bool UseLargePagesIndividualAllocation        = false                                  {pd product} {ergonomic}

Logging:
Log output configuration:
 #0: stdout all=warning uptime,level,tags
 #1: stderr all=off uptime,level,tags

Environment Variables:
PATH=C:\Program Files\Common Files\Oracle\Java\javapath;C:\Windows\system32;C:\Windows;C:\Windows\System32\Wbem;C:\Windows\System32\WindowsPowerShell\v1.0\;C:\Windows\System32\OpenSSH\;C:\Program Files\Git\cmd;C:\Program Files\Java\jdk-17\bin;C:\Program Files\MySQL\MySQL Shell 8.0\bin\;C:\Users\HI\AppData\Local\Microsoft\WindowsApps;C:\MinGW\bin;C:\Users\HI\AppData\Local\Programs\Microsoft VS Code\bin;
USERNAME=HI
OS=Windows_NT
PROCESSOR_IDENTIFIER=Intel64 Family 6 Model 165 Stepping 3, GenuineIntel



---------------  S Y S T E M  ---------------

OS:
 Windows 10 , 64 bit Build 19041 (10.0.19041.3570)
OS uptime: 3 days 5:22 hours

CPU: total 12 (initial active 12) (6 cores per cpu, 2 threads per core) family 6 model 165 stepping 3 microcode 0xea, cx8, cmov, fxsr, ht, mmx, 3dnowpref, sse, sse2, sse3, ssse3, sse4.1, sse4.2, popcnt, lzcnt, tsc, tscinvbit, avx, avx2, aes, erms, clmul, bmi1, bmi2, adx, fma, vzeroupper, clflush, clflushopt

Memory: 4k page, system-wide physical 8088M (2257M free)
TotalPageFile size 16898M (AvailPageFile size 72M)
current process WorkingSet (physical memory assigned to process): 10M, peak: 10M
current process commit charge ("private bytes"): 64M, peak: 192M

vm_info: Java HotSpot(TM) 64-Bit Server VM (17.0.9+11-LTS-201) for windows-amd64 JRE (17.0.9+11-LTS-201), built on Oct 10 2023 23:16:06 by "mach5one" with MS VC++ 17.1 (VS2022)

END.
